<?xml version="1.0" encoding="UTF-8"?>
<testsuite xmlns:xsi="http://www.w3.org/2001/XMLSchema-instance" xsi:noNamespaceSchemaLocation="https://maven.apache.org/surefire/maven-surefire-plugin/xsd/surefire-test-report.xsd" name="com.example.tdd.StringCalculatorTest" time="0.068" tests="8" errors="0" skipped="0" failures="0">
  <properties>
[...]
</properties>
  <testcase name="testAddNumbersWithNewLines" classname="com.example.tdd.StringCalculatorTest" time="0.04"/>
  <testcase name="testAddWithNegativeNumbersAndCustomDelimiter" classname="com.example.tdd.StringCalculatorTest" time="0.005"/>
  <testcase name="testAddSingleNumber" classname="com.example.tdd.StringCalculatorTest" time="0"/>
  <testcase name="testAddTwoNumbers" classname="com.example.tdd.StringCalculatorTest" time="0.001"/>
  <testcase name="testAddEmptyString" classname="com.example.tdd.StringCalculatorTest" time="0.001"/>
  <testcase name="testAddWithDifferentCustomDelimiter" classname="com.example.tdd.StringCalculatorTest" time="0.001"/>
  <testcase name="testAddWithNegativeNumbers" classname="com.example.tdd.StringCalculatorTest" time="0.002"/>
  <testcase name="testAddWithCustomDelimiter" classname="com.example.tdd.StringCalculatorTest" time="0.001"/>
</testsuite>