<?xml version="1.0" encoding="UTF-8"?>
<testsuite xmlns:xsi="http://www.w3.org/2001/XMLSchema-instance" xsi:noNamespaceSchemaLocation="https://maven.apache.org/surefire/maven-surefire-plugin/xsd/surefire-test-report.xsd" name="com.example.tdd.StringCalculatorTest" time="0.065" tests="10" errors="0" skipped="0" failures="0">
  <properties>
[...]
</properties>
  <testcase name="negativeNumbers" classname="com.example.tdd.StringCalculatorTest" time="0.04"/>
  <testcase name="testCustomDelimiter" classname="com.example.tdd.StringCalculatorTest" time="0.001"/>
  <testcase name="twoNumbers" classname="com.example.tdd.StringCalculatorTest" time="0.001"/>
  <testcase name="numbersWithNewLines" classname="com.example.tdd.StringCalculatorTest" time="0.001"/>
  <testcase name="negativeNumbersAndCustomDelimiter" classname="com.example.tdd.StringCalculatorTest" time="0.001"/>
  <testcase name="testDifferentCustomDelimiter" classname="com.example.tdd.StringCalculatorTest" time="0.001"/>
  <testcase name="emptyString" classname="com.example.tdd.StringCalculatorTest" time="0.001"/>
  <testcase name="numbersGreaterThan1000" classname="com.example.tdd.StringCalculatorTest" time="0"/>
  <testcase name="singleNumber" classname="com.example.tdd.StringCalculatorTest" time="0.001"/>
  <testcase name="numbersGreaterThan1000WithCustomDelimiter" classname="com.example.tdd.StringCalculatorTest" time="0"/>
</testsuite>